2022-04-18 00:23:02,399:INFO:PyCaret Supervised Module
2022-04-18 00:23:02,399:INFO:ML Usecase: classification
2022-04-18 00:23:02,399:INFO:version 2.3.10
2022-04-18 00:23:02,399:INFO:Initializing setup()
2022-04-18 00:23:02,400:INFO:setup(target=class, ml_usecase=classification, available_plots={'parameter': 'Hyperparameters', 'auc': 'AUC', 'confusion_matrix': 'Confusion Matrix', 'threshold': 'Threshold', 'pr': 'Precision Recall', 'error': 'Prediction Error', 'class_report': 'Class Report', 'rfe': 'Feature Selection', 'learning': 'Learning Curve', 'manifold': 'Manifold Learning', 'calibration': 'Calibration Curve', 'vc': 'Validation Curve', 'dimension': 'Dimensions', 'feature': 'Feature Importance', 'feature_all': 'Feature Importance (All)', 'boundary': 'Decision Boundary', 'lift': 'Lift Chart', 'gain': 'Gain Chart', 'tree': 'Decision Tree', 'ks': 'KS Statistic Plot'}, train_size=0.7, test_data=None, preprocess=False, imputation_type=simple, iterative_imputation_iters=5, categorical_features=None, categorical_imputation=constant, categorical_iterative_imputer=lightgbm, ordinal_features=None, high_cardinality_features=None, high_cardinality_method=frequency, numeric_features=None, numeric_imputation=mean, numeric_iterative_imputer=lightgbm, date_features=None, ignore_features=None, normalize=False, normalize_method=zscore, transformation=False, transformation_method=yeo-johnson, handle_unknown_categorical=True, unknown_categorical_method=least_frequent, pca=False, pca_method=linear, pca_components=None, ignore_low_variance=False, combine_rare_levels=False, rare_level_threshold=0.1, bin_numeric_features=None, remove_outliers=False, outliers_threshold=0.05, remove_multicollinearity=False, multicollinearity_threshold=0.9, remove_perfect_collinearity=True, create_clusters=False, cluster_iter=20, polynomial_features=False, polynomial_degree=2, trigonometry_features=False, polynomial_threshold=0.1, group_features=None, group_names=None, feature_selection=False, feature_selection_threshold=0.8, feature_selection_method=classic, feature_interaction=False, feature_ratio=False, interaction_threshold=0.01, fix_imbalance=False, fix_imbalance_method=None, transform_target=False, transform_target_method=box-cox, data_split_shuffle=True, data_split_stratify=False, fold_strategy=stratifiedkfold, fold=10, fold_shuffle=False, fold_groups=None, n_jobs=-1, use_gpu=False, custom_pipeline=None, html=True, session_id=42, log_experiment=False, experiment_name=None, experiment_custom_tags=None, log_plots=False, log_profile=False, log_data=False, silent=True, verbose=True, profile=False, profile_kwargs=None, display=None)
2022-04-18 00:23:02,402:INFO:Checking environment
2022-04-18 00:23:02,402:INFO:python_version: 3.8.10
2022-04-18 00:23:02,402:INFO:python_build: ('default', 'May 19 2021 13:12:57')
2022-04-18 00:23:02,402:INFO:machine: AMD64
2022-04-18 00:23:02,416:INFO:platform: Windows-10-10.0.19043-SP0
2022-04-18 00:23:02,417:WARNING:cannot find psutil installation. memory not traceable. Install psutil using pip to enable memory logging.
2022-04-18 00:23:02,417:INFO:Checking libraries
2022-04-18 00:23:02,417:INFO:pd==1.3.0
2022-04-18 00:23:02,417:INFO:numpy==1.19.5
2022-04-18 00:23:02,417:INFO:sklearn==0.23.2
2022-04-18 00:23:02,417:INFO:lightgbm==3.3.2
2022-04-18 00:23:02,418:WARNING:catboost not found
2022-04-18 00:23:02,418:WARNING:xgboost not found
2022-04-18 00:23:02,418:INFO:mlflow==1.25.1
2022-04-18 00:23:02,418:INFO:Checking Exceptions
2022-04-18 00:23:02,418:INFO:Declaring global variables
2022-04-18 00:23:02,419:INFO:USI: 31f2
2022-04-18 00:23:02,419:INFO:pycaret_globals: {'data_before_preprocess', 'dashboard_logger', '_all_models_internal', 'exp_name_log', '_available_plots', 'fold_groups_param', 'transform_target_param', 'n_jobs_param', 'create_model_container', 'USI', 'fold_generator', 'fold_param', 'X_train', 'stratify_param', 'experiment__', 'pycaret_globals', '_gpu_n_jobs_param', '_ml_usecase', 'logging_param', 'target_param', 'y_train', 'imputation_regressor', '_all_metrics', 'html_param', 'X_test', 'y_test', 'fix_imbalance_param', 'seed', 'gpu_param', 'fold_groups_param_full', 'y', 'display_container', '_internal_pipeline', 'imputation_classifier', 'iterative_imputation_iters_param', 'fix_imbalance_method_param', 'master_model_container', 'transform_target_method_param', '_all_models', 'X', 'fold_shuffle_param', 'prep_pipe', 'log_plots_param'}
2022-04-18 00:23:02,419:INFO:Preparing display monitor
2022-04-18 00:23:02,419:INFO:Preparing display monitor
2022-04-18 00:23:02,425:INFO:Importing libraries
2022-04-18 00:23:02,425:INFO:Copying data for preprocessing
2022-04-18 00:23:02,427:INFO:Declaring preprocessing parameters
2022-04-18 00:23:02,428:INFO:Creating preprocessing pipeline
2022-04-18 00:23:02,431:INFO:Preprocessing pipeline created successfully
2022-04-18 00:23:02,431:ERROR:(Process Exit): setup has been interupted with user command 'quit'. setup must rerun.
2022-04-18 00:23:02,431:INFO:Creating global containers
2022-04-18 00:23:02,432:INFO:Internal pipeline: Pipeline(memory=None, steps=[('empty_step', 'passthrough')], verbose=False)
2022-04-18 00:23:02,553:WARNING:Couldn't import xgboost.XGBClassifier
2022-04-18 00:23:02,554:WARNING:Couldn't import catboost.CatBoostClassifier
2022-04-18 00:23:02,625:WARNING:Couldn't import xgboost.XGBClassifier
2022-04-18 00:23:02,626:WARNING:Couldn't import catboost.CatBoostClassifier
2022-04-18 00:23:02,627:INFO:Creating grid variables
2022-04-18 00:23:02,628:INFO:create_model_container: 0
2022-04-18 00:23:02,628:INFO:master_model_container: 0
2022-04-18 00:23:02,628:INFO:display_container: 1
2022-04-18 00:23:02,629:INFO:Pipeline(memory=None,
         steps=[('dtypes',
                 DataTypes_Auto_infer(categorical_features=[],
                                      display_types=False, features_todrop=[],
                                      id_columns=[],
                                      ml_usecase='classification',
                                      numerical_features=[], target='class',
                                      time_features=[]))],
         verbose=False)
2022-04-18 00:23:02,629:INFO:setup() succesfully completed......................................
2022-04-18 02:00:25,845:INFO:PyCaret Supervised Module
2022-04-18 02:00:25,845:INFO:ML Usecase: classification
2022-04-18 02:00:25,845:INFO:version 2.3.10
2022-04-18 02:00:25,845:INFO:Initializing setup()
2022-04-18 02:00:25,845:INFO:setup(target=class, ml_usecase=classification, available_plots={'parameter': 'Hyperparameters', 'auc': 'AUC', 'confusion_matrix': 'Confusion Matrix', 'threshold': 'Threshold', 'pr': 'Precision Recall', 'error': 'Prediction Error', 'class_report': 'Class Report', 'rfe': 'Feature Selection', 'learning': 'Learning Curve', 'manifold': 'Manifold Learning', 'calibration': 'Calibration Curve', 'vc': 'Validation Curve', 'dimension': 'Dimensions', 'feature': 'Feature Importance', 'feature_all': 'Feature Importance (All)', 'boundary': 'Decision Boundary', 'lift': 'Lift Chart', 'gain': 'Gain Chart', 'tree': 'Decision Tree', 'ks': 'KS Statistic Plot'}, train_size=0.7, test_data=None, preprocess=False, imputation_type=simple, iterative_imputation_iters=5, categorical_features=None, categorical_imputation=constant, categorical_iterative_imputer=lightgbm, ordinal_features=None, high_cardinality_features=None, high_cardinality_method=frequency, numeric_features=None, numeric_imputation=mean, numeric_iterative_imputer=lightgbm, date_features=None, ignore_features=None, normalize=False, normalize_method=zscore, transformation=False, transformation_method=yeo-johnson, handle_unknown_categorical=True, unknown_categorical_method=least_frequent, pca=False, pca_method=linear, pca_components=None, ignore_low_variance=False, combine_rare_levels=False, rare_level_threshold=0.1, bin_numeric_features=None, remove_outliers=False, outliers_threshold=0.05, remove_multicollinearity=False, multicollinearity_threshold=0.9, remove_perfect_collinearity=True, create_clusters=False, cluster_iter=20, polynomial_features=False, polynomial_degree=2, trigonometry_features=False, polynomial_threshold=0.1, group_features=None, group_names=None, feature_selection=False, feature_selection_threshold=0.8, feature_selection_method=classic, feature_interaction=False, feature_ratio=False, interaction_threshold=0.01, fix_imbalance=False, fix_imbalance_method=None, transform_target=False, transform_target_method=box-cox, data_split_shuffle=True, data_split_stratify=False, fold_strategy=stratifiedkfold, fold=10, fold_shuffle=False, fold_groups=None, n_jobs=-1, use_gpu=False, custom_pipeline=None, html=True, session_id=42, log_experiment=False, experiment_name=None, experiment_custom_tags=None, log_plots=False, log_profile=False, log_data=False, silent=True, verbose=True, profile=False, profile_kwargs=None, display=None)
2022-04-18 02:00:25,845:INFO:Checking environment
2022-04-18 02:00:25,846:INFO:python_version: 3.8.10
2022-04-18 02:00:25,846:INFO:python_build: ('default', 'May 19 2021 13:12:57')
2022-04-18 02:00:25,846:INFO:machine: AMD64
2022-04-18 02:00:25,863:INFO:platform: Windows-10-10.0.19043-SP0
2022-04-18 02:00:25,864:WARNING:cannot find psutil installation. memory not traceable. Install psutil using pip to enable memory logging.
2022-04-18 02:00:25,864:INFO:Checking libraries
2022-04-18 02:00:25,864:INFO:pd==1.3.0
2022-04-18 02:00:25,864:INFO:numpy==1.19.5
2022-04-18 02:00:25,864:INFO:sklearn==0.23.2
2022-04-18 02:00:25,864:INFO:lightgbm==3.3.2
2022-04-18 02:00:25,864:WARNING:catboost not found
2022-04-18 02:00:25,865:WARNING:xgboost not found
2022-04-18 02:00:25,865:INFO:mlflow==1.25.1
2022-04-18 02:00:25,865:INFO:Checking Exceptions
2022-04-18 02:00:25,868:INFO:Declaring global variables
2022-04-18 02:00:25,868:INFO:USI: 305e
2022-04-18 02:00:25,868:INFO:pycaret_globals: {'html_param', 'fold_shuffle_param', 'data_before_preprocess', '_all_metrics', 'X_test', 'X', 'display_container', 'pycaret_globals', 'fix_imbalance_method_param', 'fold_groups_param_full', 'iterative_imputation_iters_param', 'create_model_container', 'transform_target_method_param', 'y_test', 'USI', 'fold_param', 'fold_generator', 'target_param', 'prep_pipe', 'transform_target_param', 'imputation_classifier', 'fix_imbalance_param', 'dashboard_logger', 'n_jobs_param', 'seed', '_all_models_internal', 'stratify_param', 'experiment__', '_gpu_n_jobs_param', 'exp_name_log', 'y', '_ml_usecase', 'logging_param', 'fold_groups_param', '_available_plots', '_internal_pipeline', 'y_train', '_all_models', 'master_model_container', 'log_plots_param', 'X_train', 'imputation_regressor', 'gpu_param'}
2022-04-18 02:00:25,868:INFO:Preparing display monitor
2022-04-18 02:00:25,868:INFO:Preparing display monitor
2022-04-18 02:00:25,876:INFO:Importing libraries
2022-04-18 02:00:25,876:INFO:Copying data for preprocessing
2022-04-18 02:00:25,881:INFO:Declaring preprocessing parameters
2022-04-18 02:00:25,883:INFO:Creating preprocessing pipeline
2022-04-18 02:00:25,890:INFO:Preprocessing pipeline created successfully
2022-04-18 02:00:25,890:ERROR:(Process Exit): setup has been interupted with user command 'quit'. setup must rerun.
2022-04-18 02:00:25,890:INFO:Creating global containers
2022-04-18 02:00:25,892:INFO:Internal pipeline: Pipeline(memory=None, steps=[('empty_step', 'passthrough')], verbose=False)
2022-04-18 02:00:26,032:WARNING:Couldn't import xgboost.XGBClassifier
2022-04-18 02:00:26,033:WARNING:Couldn't import catboost.CatBoostClassifier
2022-04-18 02:00:26,106:WARNING:Couldn't import xgboost.XGBClassifier
2022-04-18 02:00:26,107:WARNING:Couldn't import catboost.CatBoostClassifier
2022-04-18 02:00:26,108:INFO:Creating grid variables
2022-04-18 02:00:26,110:INFO:create_model_container: 0
2022-04-18 02:00:26,110:INFO:master_model_container: 0
2022-04-18 02:00:26,110:INFO:display_container: 1
2022-04-18 02:00:26,111:INFO:Pipeline(memory=None,
         steps=[('dtypes',
                 DataTypes_Auto_infer(categorical_features=[],
                                      display_types=False, features_todrop=[],
                                      id_columns=[],
                                      ml_usecase='classification',
                                      numerical_features=[], target='class',
                                      time_features=[]))],
         verbose=False)
2022-04-18 02:00:26,111:INFO:setup() succesfully completed......................................
